Determining if the system is big endian passed with the following output:
Change Dir: /home/taciomcosta/Área de Trabalho/Linguagem C/Head_First/LAB 2/cmake_binary_dir/CMakeFiles/CMakeTmp

Run Build Command:"/usr/bin/make" "cmTryCompileExec1039602311/fast"
/usr/bin/make -f CMakeFiles/cmTryCompileExec1039602311.dir/build.make CMakeFiles/cmTryCompileExec1039602311.dir/build
make[1]: Entering directory '/home/taciomcosta/Área de Trabalho/Linguagem C/Head_First/LAB 2/cmake_binary_dir/CMakeFiles/CMakeTmp'
/usr/bin/cmake -E cmake_progress_report "/home/taciomcosta/Área de Trabalho/Linguagem C/Head_First/LAB 2/cmake_binary_dir/CMakeFiles/CMakeTmp/CMakeFiles" 1
Building C object CMakeFiles/cmTryCompileExec1039602311.dir/TestEndianess.c.o
/usr/bin/cc   -fsigned-char -W -Wall -Werror=return-type -Werror=non-virtual-dtor -Werror=address -Werror=sequence-point -Wformat -Werror=format-security -Wmissing-declarations -Wmissing-prototypes -Wstrict-prototypes -Wundef -Winit-self -Wpointer-arith -Wshadow -Wno-narrowing -fdiagnostics-show-option -Wno-long-long -pthread -fomit-frame-pointer -msse -msse2 -mno-avx -msse3 -mno-ssse3 -mno-sse4.1 -mno-sse4.2 -ffunction-sections -fvisibility=hidden  -O3 -DNDEBUG   -o CMakeFiles/cmTryCompileExec1039602311.dir/TestEndianess.c.o   -c "/home/taciomcosta/Área de Trabalho/Linguagem C/Head_First/LAB 2/cmake_binary_dir/CMakeFiles/CMakeTmp/TestEndianess.c"
Linking C executable cmTryCompileExec1039602311
/usr/bin/cmake -E cmake_link_script CMakeFiles/cmTryCompileExec1039602311.dir/link.txt --verbose=1
/usr/bin/cc     -fsigned-char -W -Wall -Werror=return-type -Werror=non-virtual-dtor -Werror=address -Werror=sequence-point -Wformat -Werror=format-security -Wmissing-declarations -Wmissing-prototypes -Wstrict-prototypes -Wundef -Winit-self -Wpointer-arith -Wshadow -Wno-narrowing -fdiagnostics-show-option -Wno-long-long -pthread -fomit-frame-pointer -msse -msse2 -mno-avx -msse3 -mno-ssse3 -mno-sse4.1 -mno-sse4.2 -ffunction-sections -fvisibility=hidden  -O3 -DNDEBUG    CMakeFiles/cmTryCompileExec1039602311.dir/TestEndianess.c.o  -o cmTryCompileExec1039602311 -rdynamic 
make[1]: Leaving directory '/home/taciomcosta/Área de Trabalho/Linguagem C/Head_First/LAB 2/cmake_binary_dir/CMakeFiles/CMakeTmp'

TestEndianess.c:
/* A 16 bit integer is required. */
typedef unsigned short cmakeint16;

/* On a little endian machine, these 16bit ints will give "THIS IS LITTLE ENDIAN."
   On a big endian machine the characters will be exchanged pairwise. */
const cmakeint16 info_little[] =  {0x4854, 0x5349, 0x4920, 0x2053, 0x494c, 0x5454, 0x454c, 0x4520, 0x444e, 0x4149, 0x2e4e, 0x0000};

/* on a big endian machine, these 16bit ints will give "THIS IS BIG ENDIAN."
   On a little endian machine the characters will be exchanged pairwise. */
const cmakeint16 info_big[] =     {0x5448, 0x4953, 0x2049, 0x5320, 0x4249, 0x4720, 0x454e, 0x4449, 0x414e, 0x2e2e, 0x0000};

#ifdef __CLASSIC_C__
int main(argc, argv) int argc; char *argv[];
#else
int main(int argc, char *argv[])
#endif
{
  int require = 0;
  require += info_little[argc];
  require += info_big[argc];
  (void)argv;
  return require;
}


Determining if the include file io.h exists failed with the following output:
Change Dir: /home/taciomcosta/Área de Trabalho/Linguagem C/Head_First/LAB 2/cmake_binary_dir/CMakeFiles/CMakeTmp

Run Build Command:"/usr/bin/make" "cmTryCompileExec1472529665/fast"
/usr/bin/make -f CMakeFiles/cmTryCompileExec1472529665.dir/build.make CMakeFiles/cmTryCompileExec1472529665.dir/build
make[1]: Entering directory '/home/taciomcosta/Área de Trabalho/Linguagem C/Head_First/LAB 2/cmake_binary_dir/CMakeFiles/CMakeTmp'
/usr/bin/cmake -E cmake_progress_report "/home/taciomcosta/Área de Trabalho/Linguagem C/Head_First/LAB 2/cmake_binary_dir/CMakeFiles/CMakeTmp/CMakeFiles" 1
Building C object CMakeFiles/cmTryCompileExec1472529665.dir/CheckIncludeFile.c.o
/usr/bin/cc   -fsigned-char -W -Wall -Werror=return-type -Werror=non-virtual-dtor -Werror=address -Werror=sequence-point -Wformat -Werror=format-security -Wmissing-declarations -Wmissing-prototypes -Wstrict-prototypes -Wundef -Winit-self -Wpointer-arith -Wshadow -Wno-narrowing -fdiagnostics-show-option -Wno-long-long -pthread -fomit-frame-pointer -msse -msse2 -mno-avx -msse3 -mno-ssse3 -mno-sse4.1 -mno-sse4.2 -ffunction-sections -fvisibility=hidden  -O3 -DNDEBUG   -o CMakeFiles/cmTryCompileExec1472529665.dir/CheckIncludeFile.c.o   -c "/home/taciomcosta/Área de Trabalho/Linguagem C/Head_First/LAB 2/cmake_binary_dir/CMakeFiles/CMakeTmp/CheckIncludeFile.c"
/home/taciomcosta/Área de Trabalho/Linguagem C/Head_First/LAB 2/cmake_binary_dir/CMakeFiles/CMakeTmp/CheckIncludeFile.c:1:16: fatal error: io.h: Arquivo ou diretório não encontrado
compilation terminated.
CMakeFiles/cmTryCompileExec1472529665.dir/build.make:57: recipe for target 'CMakeFiles/cmTryCompileExec1472529665.dir/CheckIncludeFile.c.o' failed
make[1]: *** [CMakeFiles/cmTryCompileExec1472529665.dir/CheckIncludeFile.c.o] Error 1
make[1]: Leaving directory '/home/taciomcosta/Área de Trabalho/Linguagem C/Head_First/LAB 2/cmake_binary_dir/CMakeFiles/CMakeTmp'
Makefile:117: recipe for target 'cmTryCompileExec1472529665/fast' failed
make: *** [cmTryCompileExec1472529665/fast] Error 2


Determining if the function jbg_newlen exists failed with the following output:
Change Dir: /home/taciomcosta/Área de Trabalho/Linguagem C/Head_First/LAB 2/cmake_binary_dir/CMakeFiles/CMakeTmp

Run Build Command:"/usr/bin/make" "cmTryCompileExec2250584438/fast"
/usr/bin/make -f CMakeFiles/cmTryCompileExec2250584438.dir/build.make CMakeFiles/cmTryCompileExec2250584438.dir/build
make[1]: Entering directory '/home/taciomcosta/Área de Trabalho/Linguagem C/Head_First/LAB 2/cmake_binary_dir/CMakeFiles/CMakeTmp'
/usr/bin/cmake -E cmake_progress_report "/home/taciomcosta/Área de Trabalho/Linguagem C/Head_First/LAB 2/cmake_binary_dir/CMakeFiles/CMakeTmp/CMakeFiles" 1
Building C object CMakeFiles/cmTryCompileExec2250584438.dir/CheckFunctionExists.c.o
/usr/bin/cc   -fsigned-char -W -Wall -Werror=return-type -Werror=non-virtual-dtor -Werror=address -Werror=sequence-point -Wformat -Werror=format-security -Wmissing-declarations -Wmissing-prototypes -Wstrict-prototypes -Wundef -Winit-self -Wpointer-arith -Wshadow -Wno-narrowing -fdiagnostics-show-option -Wno-long-long -pthread -fomit-frame-pointer -msse -msse2 -mno-avx -msse3 -mno-ssse3 -mno-sse4.1 -mno-sse4.2 -ffunction-sections -fvisibility=hidden -DCHECK_FUNCTION_EXISTS=jbg_newlen -O3 -DNDEBUG   -o CMakeFiles/cmTryCompileExec2250584438.dir/CheckFunctionExists.c.o   -c /usr/share/cmake-3.2/Modules/CheckFunctionExists.c
/usr/share/cmake-3.2/Modules/CheckFunctionExists.c:3:1: warning: function declaration isn’t a prototype [-Wstrict-prototypes]
 char CHECK_FUNCTION_EXISTS();
 ^
Linking C executable cmTryCompileExec2250584438
/usr/bin/cmake -E cmake_link_script CMakeFiles/cmTryCompileExec2250584438.dir/link.txt --verbose=1
/usr/bin/cc     -fsigned-char -W -Wall -Werror=return-type -Werror=non-virtual-dtor -Werror=address -Werror=sequence-point -Wformat -Werror=format-security -Wmissing-declarations -Wmissing-prototypes -Wstrict-prototypes -Wundef -Winit-self -Wpointer-arith -Wshadow -Wno-narrowing -fdiagnostics-show-option -Wno-long-long -pthread -fomit-frame-pointer -msse -msse2 -mno-avx -msse3 -mno-ssse3 -mno-sse4.1 -mno-sse4.2 -ffunction-sections -fvisibility=hidden -DCHECK_FUNCTION_EXISTS=jbg_newlen -O3 -DNDEBUG    CMakeFiles/cmTryCompileExec2250584438.dir/CheckFunctionExists.c.o  -o cmTryCompileExec2250584438 -rdynamic 
CMakeFiles/cmTryCompileExec2250584438.dir/CheckFunctionExists.c.o: na função `main':
CheckFunctionExists.c:(.text.startup.main+0xe): referência indefinida para `jbg_newlen'
collect2: error: ld returned 1 exit status
CMakeFiles/cmTryCompileExec2250584438.dir/build.make:88: recipe for target 'cmTryCompileExec2250584438' failed
make[1]: Leaving directory '/home/taciomcosta/Área de Trabalho/Linguagem C/Head_First/LAB 2/cmake_binary_dir/CMakeFiles/CMakeTmp'
make[1]: *** [cmTryCompileExec2250584438] Error 1
Makefile:117: recipe for target 'cmTryCompileExec2250584438/fast' failed
make: *** [cmTryCompileExec2250584438/fast] Error 2


Determining if the include file linux/videodev.h exists failed with the following output:
Change Dir: /home/taciomcosta/Área de Trabalho/Linguagem C/Head_First/LAB 2/cmake_binary_dir/CMakeFiles/CMakeTmp

Run Build Command:"/usr/bin/make" "cmTryCompileExec4219036430/fast"
/usr/bin/make -f CMakeFiles/cmTryCompileExec4219036430.dir/build.make CMakeFiles/cmTryCompileExec4219036430.dir/build
make[1]: Entering directory '/home/taciomcosta/Área de Trabalho/Linguagem C/Head_First/LAB 2/cmake_binary_dir/CMakeFiles/CMakeTmp'
/usr/bin/cmake -E cmake_progress_report "/home/taciomcosta/Área de Trabalho/Linguagem C/Head_First/LAB 2/cmake_binary_dir/CMakeFiles/CMakeTmp/CMakeFiles" 1
Building C object CMakeFiles/cmTryCompileExec4219036430.dir/CheckIncludeFile.c.o
/usr/bin/cc   -fsigned-char -W -Wall -Werror=return-type -Werror=non-virtual-dtor -Werror=address -Werror=sequence-point -Wformat -Werror=format-security -Wmissing-declarations -Wmissing-prototypes -Wstrict-prototypes -Wundef -Winit-self -Wpointer-arith -Wshadow -Wno-narrowing -fdiagnostics-show-option -Wno-long-long -pthread -fomit-frame-pointer -msse -msse2 -mno-avx -msse3 -mno-ssse3 -mno-sse4.1 -mno-sse4.2 -ffunction-sections -fvisibility=hidden  -O3 -DNDEBUG   -o CMakeFiles/cmTryCompileExec4219036430.dir/CheckIncludeFile.c.o   -c "/home/taciomcosta/Área de Trabalho/Linguagem C/Head_First/LAB 2/cmake_binary_dir/CMakeFiles/CMakeTmp/CheckIncludeFile.c"
/home/taciomcosta/Área de Trabalho/Linguagem C/Head_First/LAB 2/cmake_binary_dir/CMakeFiles/CMakeTmp/CheckIncludeFile.c:1:28: fatal error: linux/videodev.h: Arquivo ou diretório não encontrado
compilation terminated.
CMakeFiles/cmTryCompileExec4219036430.dir/build.make:57: recipe for target 'CMakeFiles/cmTryCompileExec4219036430.dir/CheckIncludeFile.c.o' failed
make[1]: Leaving directory '/home/taciomcosta/Área de Trabalho/Linguagem C/Head_First/LAB 2/cmake_binary_dir/CMakeFiles/CMakeTmp'
make[1]: *** [CMakeFiles/cmTryCompileExec4219036430.dir/CheckIncludeFile.c.o] Error 1
Makefile:117: recipe for target 'cmTryCompileExec4219036430/fast' failed
make: *** [cmTryCompileExec4219036430/fast] Error 2


Determining if the include file sys/videoio.h exists failed with the following output:
Change Dir: /home/taciomcosta/Área de Trabalho/Linguagem C/Head_First/LAB 2/cmake_binary_dir/CMakeFiles/CMakeTmp

Run Build Command:"/usr/bin/make" "cmTryCompileExec3744441114/fast"
/usr/bin/make -f CMakeFiles/cmTryCompileExec3744441114.dir/build.make CMakeFiles/cmTryCompileExec3744441114.dir/build
make[1]: Entering directory '/home/taciomcosta/Área de Trabalho/Linguagem C/Head_First/LAB 2/cmake_binary_dir/CMakeFiles/CMakeTmp'
/usr/bin/cmake -E cmake_progress_report "/home/taciomcosta/Área de Trabalho/Linguagem C/Head_First/LAB 2/cmake_binary_dir/CMakeFiles/CMakeTmp/CMakeFiles" 1
Building C object CMakeFiles/cmTryCompileExec3744441114.dir/CheckIncludeFile.c.o
/usr/bin/cc   -fsigned-char -W -Wall -Werror=return-type -Werror=non-virtual-dtor -Werror=address -Werror=sequence-point -Wformat -Werror=format-security -Wmissing-declarations -Wmissing-prototypes -Wstrict-prototypes -Wundef -Winit-self -Wpointer-arith -Wshadow -Wno-narrowing -fdiagnostics-show-option -Wno-long-long -pthread -fomit-frame-pointer -msse -msse2 -mno-avx -msse3 -mno-ssse3 -mno-sse4.1 -mno-sse4.2 -ffunction-sections -fvisibility=hidden  -O3 -DNDEBUG   -o CMakeFiles/cmTryCompileExec3744441114.dir/CheckIncludeFile.c.o   -c "/home/taciomcosta/Área de Trabalho/Linguagem C/Head_First/LAB 2/cmake_binary_dir/CMakeFiles/CMakeTmp/CheckIncludeFile.c"
/home/taciomcosta/Área de Trabalho/Linguagem C/Head_First/LAB 2/cmake_binary_dir/CMakeFiles/CMakeTmp/CheckIncludeFile.c:1:25: fatal error: sys/videoio.h: Arquivo ou diretório não encontrado
compilation terminated.
CMakeFiles/cmTryCompileExec3744441114.dir/build.make:57: recipe for target 'CMakeFiles/cmTryCompileExec3744441114.dir/CheckIncludeFile.c.o' failed
make[1]: *** [CMakeFiles/cmTryCompileExec3744441114.dir/CheckIncludeFile.c.o] Error 1
make[1]: Leaving directory '/home/taciomcosta/Área de Trabalho/Linguagem C/Head_First/LAB 2/cmake_binary_dir/CMakeFiles/CMakeTmp'
Makefile:117: recipe for target 'cmTryCompileExec3744441114/fast' failed
make: *** [cmTryCompileExec3744441114/fast] Error 2


Determining if the include file ffmpeg/avformat.h exists failed with the following output:
Change Dir: /home/taciomcosta/Área de Trabalho/Linguagem C/Head_First/LAB 2/cmake_binary_dir/CMakeFiles/CMakeTmp

Run Build Command:"/usr/bin/make" "cmTryCompileExec945251134/fast"
/usr/bin/make -f CMakeFiles/cmTryCompileExec945251134.dir/build.make CMakeFiles/cmTryCompileExec945251134.dir/build
make[1]: Entering directory '/home/taciomcosta/Área de Trabalho/Linguagem C/Head_First/LAB 2/cmake_binary_dir/CMakeFiles/CMakeTmp'
/usr/bin/cmake -E cmake_progress_report "/home/taciomcosta/Área de Trabalho/Linguagem C/Head_First/LAB 2/cmake_binary_dir/CMakeFiles/CMakeTmp/CMakeFiles" 1
Building C object CMakeFiles/cmTryCompileExec945251134.dir/CheckIncludeFile.c.o
/usr/bin/cc   -fsigned-char -W -Wall -Werror=return-type -Werror=non-virtual-dtor -Werror=address -Werror=sequence-point -Wformat -Werror=format-security -Wmissing-declarations -Wmissing-prototypes -Wstrict-prototypes -Wundef -Winit-self -Wpointer-arith -Wshadow -Wno-narrowing -fdiagnostics-show-option -Wno-long-long -pthread -fomit-frame-pointer -msse -msse2 -mno-avx -msse3 -mno-ssse3 -mno-sse4.1 -mno-sse4.2 -ffunction-sections -fvisibility=hidden  -O3 -DNDEBUG   -o CMakeFiles/cmTryCompileExec945251134.dir/CheckIncludeFile.c.o   -c "/home/taciomcosta/Área de Trabalho/Linguagem C/Head_First/LAB 2/cmake_binary_dir/CMakeFiles/CMakeTmp/CheckIncludeFile.c"
/home/taciomcosta/Área de Trabalho/Linguagem C/Head_First/LAB 2/cmake_binary_dir/CMakeFiles/CMakeTmp/CheckIncludeFile.c:1:29: fatal error: ffmpeg/avformat.h: Arquivo ou diretório não encontrado
compilation terminated.
CMakeFiles/cmTryCompileExec945251134.dir/build.make:57: recipe for target 'CMakeFiles/cmTryCompileExec945251134.dir/CheckIncludeFile.c.o' failed
make[1]: Leaving directory '/home/taciomcosta/Área de Trabalho/Linguagem C/Head_First/LAB 2/cmake_binary_dir/CMakeFiles/CMakeTmp'
make[1]: *** [CMakeFiles/cmTryCompileExec945251134.dir/CheckIncludeFile.c.o] Error 1
Makefile:117: recipe for target 'cmTryCompileExec945251134/fast' failed
make: *** [cmTryCompileExec945251134/fast] Error 2


Determining if the include file linux/videodev.h exists failed with the following output:
Change Dir: /home/taciomcosta/Área de Trabalho/Linguagem C/Head_First/LAB 2/cmake_binary_dir/CMakeFiles/CMakeTmp

Run Build Command:"/usr/bin/make" "cmTryCompileExec1749360400/fast"
/usr/bin/make -f CMakeFiles/cmTryCompileExec1749360400.dir/build.make CMakeFiles/cmTryCompileExec1749360400.dir/build
make[1]: Entering directory '/home/taciomcosta/Área de Trabalho/Linguagem C/Head_First/LAB 2/cmake_binary_dir/CMakeFiles/CMakeTmp'
/usr/bin/cmake -E cmake_progress_report "/home/taciomcosta/Área de Trabalho/Linguagem C/Head_First/LAB 2/cmake_binary_dir/CMakeFiles/CMakeTmp/CMakeFiles" 1
Building C object CMakeFiles/cmTryCompileExec1749360400.dir/CheckIncludeFile.c.o
/usr/bin/cc   -fsigned-char -W -Wall -Werror=return-type -Werror=non-virtual-dtor -Werror=address -Werror=sequence-point -Wformat -Werror=format-security -Wmissing-declarations -Wmissing-prototypes -Wstrict-prototypes -Wundef -Winit-self -Wpointer-arith -Wshadow -Wno-narrowing -fdiagnostics-show-option -Wno-long-long -pthread -fomit-frame-pointer -msse -msse2 -mno-avx -msse3 -mno-ssse3 -mno-sse4.1 -mno-sse4.2 -ffunction-sections -fvisibility=hidden  -O3 -DNDEBUG   -o CMakeFiles/cmTryCompileExec1749360400.dir/CheckIncludeFile.c.o   -c "/home/taciomcosta/Área de Trabalho/Linguagem C/Head_First/LAB 2/cmake_binary_dir/CMakeFiles/CMakeTmp/CheckIncludeFile.c"
/home/taciomcosta/Área de Trabalho/Linguagem C/Head_First/LAB 2/cmake_binary_dir/CMakeFiles/CMakeTmp/CheckIncludeFile.c:1:28: fatal error: linux/videodev.h: Arquivo ou diretório não encontrado
compilation terminated.
CMakeFiles/cmTryCompileExec1749360400.dir/build.make:57: recipe for target 'CMakeFiles/cmTryCompileExec1749360400.dir/CheckIncludeFile.c.o' failed
make[1]: *** [CMakeFiles/cmTryCompileExec1749360400.dir/CheckIncludeFile.c.o] Error 1
make[1]: Leaving directory '/home/taciomcosta/Área de Trabalho/Linguagem C/Head_First/LAB 2/cmake_binary_dir/CMakeFiles/CMakeTmp'
Makefile:117: recipe for target 'cmTryCompileExec1749360400/fast' failed
make: *** [cmTryCompileExec1749360400/fast] Error 2


Determining if the include file sys/videoio.h exists failed with the following output:
Change Dir: /home/taciomcosta/Área de Trabalho/Linguagem C/Head_First/LAB 2/cmake_binary_dir/CMakeFiles/CMakeTmp

Run Build Command:"/usr/bin/make" "cmTryCompileExec1822164653/fast"
/usr/bin/make -f CMakeFiles/cmTryCompileExec1822164653.dir/build.make CMakeFiles/cmTryCompileExec1822164653.dir/build
make[1]: Entering directory '/home/taciomcosta/Área de Trabalho/Linguagem C/Head_First/LAB 2/cmake_binary_dir/CMakeFiles/CMakeTmp'
/usr/bin/cmake -E cmake_progress_report "/home/taciomcosta/Área de Trabalho/Linguagem C/Head_First/LAB 2/cmake_binary_dir/CMakeFiles/CMakeTmp/CMakeFiles" 1
Building C object CMakeFiles/cmTryCompileExec1822164653.dir/CheckIncludeFile.c.o
/usr/bin/cc   -fsigned-char -W -Wall -Werror=return-type -Werror=non-virtual-dtor -Werror=address -Werror=sequence-point -Wformat -Werror=format-security -Wmissing-declarations -Wmissing-prototypes -Wstrict-prototypes -Wundef -Winit-self -Wpointer-arith -Wshadow -Wno-narrowing -fdiagnostics-show-option -Wno-long-long -pthread -fomit-frame-pointer -msse -msse2 -mno-avx -msse3 -mno-ssse3 -mno-sse4.1 -mno-sse4.2 -ffunction-sections -fvisibility=hidden  -O3 -DNDEBUG   -o CMakeFiles/cmTryCompileExec1822164653.dir/CheckIncludeFile.c.o   -c "/home/taciomcosta/Área de Trabalho/Linguagem C/Head_First/LAB 2/cmake_binary_dir/CMakeFiles/CMakeTmp/CheckIncludeFile.c"
/home/taciomcosta/Área de Trabalho/Linguagem C/Head_First/LAB 2/cmake_binary_dir/CMakeFiles/CMakeTmp/CheckIncludeFile.c:1:25: fatal error: sys/videoio.h: Arquivo ou diretório não encontrado
compilation terminated.
CMakeFiles/cmTryCompileExec1822164653.dir/build.make:57: recipe for target 'CMakeFiles/cmTryCompileExec1822164653.dir/CheckIncludeFile.c.o' failed
make[1]: *** [CMakeFiles/cmTryCompileExec1822164653.dir/CheckIncludeFile.c.o] Error 1
make[1]: Leaving directory '/home/taciomcosta/Área de Trabalho/Linguagem C/Head_First/LAB 2/cmake_binary_dir/CMakeFiles/CMakeTmp'
Makefile:117: recipe for target 'cmTryCompileExec1822164653/fast' failed
make: *** [cmTryCompileExec1822164653/fast] Error 2


Determining if the include file ffmpeg/avformat.h exists failed with the following output:
Change Dir: /home/taciomcosta/Área de Trabalho/Linguagem C/Head_First/LAB 2/cmake_binary_dir/CMakeFiles/CMakeTmp

Run Build Command:"/usr/bin/make" "cmTryCompileExec1465768056/fast"
/usr/bin/make -f CMakeFiles/cmTryCompileExec1465768056.dir/build.make CMakeFiles/cmTryCompileExec1465768056.dir/build
make[1]: Entering directory '/home/taciomcosta/Área de Trabalho/Linguagem C/Head_First/LAB 2/cmake_binary_dir/CMakeFiles/CMakeTmp'
/usr/bin/cmake -E cmake_progress_report "/home/taciomcosta/Área de Trabalho/Linguagem C/Head_First/LAB 2/cmake_binary_dir/CMakeFiles/CMakeTmp/CMakeFiles" 1
Building C object CMakeFiles/cmTryCompileExec1465768056.dir/CheckIncludeFile.c.o
/usr/bin/cc   -fsigned-char -W -Wall -Werror=return-type -Werror=non-virtual-dtor -Werror=address -Werror=sequence-point -Wformat -Werror=format-security -Wmissing-declarations -Wmissing-prototypes -Wstrict-prototypes -Wundef -Winit-self -Wpointer-arith -Wshadow -Wno-narrowing -fdiagnostics-show-option -Wno-long-long -pthread -fomit-frame-pointer -msse -msse2 -mno-avx -msse3 -mno-ssse3 -mno-sse4.1 -mno-sse4.2 -ffunction-sections -fvisibility=hidden  -O3 -DNDEBUG   -o CMakeFiles/cmTryCompileExec1465768056.dir/CheckIncludeFile.c.o   -c "/home/taciomcosta/Área de Trabalho/Linguagem C/Head_First/LAB 2/cmake_binary_dir/CMakeFiles/CMakeTmp/CheckIncludeFile.c"
/home/taciomcosta/Área de Trabalho/Linguagem C/Head_First/LAB 2/cmake_binary_dir/CMakeFiles/CMakeTmp/CheckIncludeFile.c:1:29: fatal error: ffmpeg/avformat.h: Arquivo ou diretório não encontrado
compilation terminated.
CMakeFiles/cmTryCompileExec1465768056.dir/build.make:57: recipe for target 'CMakeFiles/cmTryCompileExec1465768056.dir/CheckIncludeFile.c.o' failed
make[1]: Leaving directory '/home/taciomcosta/Área de Trabalho/Linguagem C/Head_First/LAB 2/cmake_binary_dir/CMakeFiles/CMakeTmp'
make[1]: *** [CMakeFiles/cmTryCompileExec1465768056.dir/CheckIncludeFile.c.o] Error 1
Makefile:117: recipe for target 'cmTryCompileExec1465768056/fast' failed
make: *** [cmTryCompileExec1465768056/fast] Error 2


